<?xml version="1.0" encoding="UTF-8" standalone="no"?>
<testsuite failures="0" name="cucumber.runtime.formatter.JUnitFormatter" skipped="0" tests="1" time="11.152793">
<testcase classname="Free CRM Application Test" name="Validate Free CRM Home Page Test" time="11.152793">
<system-out><![CDATA[Given user open browser.....................................................passed
Then user is on login page..................................................passed
Then user login to app......................................................passed
Then validate home page title...............................................passed
Then validate logged in username............................................passed
]]></system-out>
</testcase>
</testsuite>
